[debug] [2021-02-22T22:53:57.432Z] ----------------------------------------------------------------------
[debug] [2021-02-22T22:53:57.434Z] Command:       C:\Program Files\nodejs\node.exe C:\Users\David Mercado\AppData\Roaming\npm\node_modules\firebase-tools\lib\bin\firebase.js init
[debug] [2021-02-22T22:53:57.434Z] CLI Version:   9.4.0
[debug] [2021-02-22T22:53:57.434Z] Platform:      win32
[debug] [2021-02-22T22:53:57.434Z] Node Version:  v14.15.5
[debug] [2021-02-22T22:53:57.435Z] Time:          Mon Feb 22 2021 17:53:57 GMT-0500 (Eastern Standard Time)
[debug] [2021-02-22T22:53:57.435Z] ----------------------------------------------------------------------
[debug] [2021-02-22T22:53:57.435Z]
[debug] [2021-02-22T22:53:57.440Z] > command requires scopes: ["email","openid","https://www.googleapis.com/auth/cloudplatformprojects.readonly","https://www.googleapis.com/auth/firebase","https://www.googleapis.com/auth/cloud-platform"]
[debug] [2021-02-22T22:53:57.440Z] > authorizing via signed-in user
[info]
     ######## #### ########  ######## ########     ###     ######  ########
     ##        ##  ##     ## ##       ##     ##  ##   ##  ##       ##
     ######    ##  ########  ######   ########  #########  ######  ######
     ##        ##  ##    ##  ##       ##     ## ##     ##       ## ##
     ##       #### ##     ## ######## ########  ##     ##  ######  ########

You're about to initialize a Firebase project in this directory:

 C:\Users\David Mercado\Desktop\ez-market

[info]
=== Project Setup
[info]
[info] First, let's associate this project directory with a Firebase project.
[info] You can create multiple project aliases by running firebase use --add,
[info] but for now we'll just set up a default project.
[info]
[debug] [2021-02-22T22:54:09.308Z] > refreshing access token with scopes: []
[debug] [2021-02-22T22:54:09.308Z] >>> HTTP REQUEST POST https://www.googleapis.com/oauth2/v3/token
 <request body omitted>
[debug] [2021-02-22T22:54:09.421Z] <<< HTTP RESPONSE 200 {"cache-control":"no-cache, no-store, max-age=0, must-revalidate","date":"Mon, 22 Feb 2021 22:54:08 GMT","expires":"Mon, 01 Jan 1990 00:00:00 GMT","pragma":"no-cache","content-type":"application/json; charset=utf-8","vary":"X-Origin, Referer, Origin,Accept-Encoding","server":"scaffolding on HTTPServer2","x-xss-protection":"0","x-frame-options":"SAMEORIGIN","x-content-type-options":"nosniff","alt-svc":"h3-29=\":443\"; ma=2592000,h3-T051=\":443\"; ma=2592000,h3-Q050=\":443\"; ma=2592000,h3-Q046=\":443\"; ma=2592000,h3-Q043=\":443\"; ma=2592000,quic=\":443\"; ma=2592000; v=\"46,43\"","accept-ranges":"none","transfer-encoding":"chunked"}
[debug] [2021-02-22T22:54:09.427Z] >>> [apiv2][query] GET https://firebase.googleapis.com/v1beta1/projects pageSize=100
[debug] [2021-02-22T22:54:09.644Z] <<< [apiv2][status] GET https://firebase.googleapis.com/v1beta1/projects 200
[debug] [2021-02-22T22:54:09.644Z] <<< [apiv2][body] GET https://firebase.googleapis.com/v1beta1/projects [omitted]
[info] i  Using project ez-market2021 (EZ-Market)
[info]
=== Database Setup
[info] i  database: ensuring required API firebasedatabase.googleapis.com is enabled...
[debug] [2021-02-22T22:54:12.377Z] > refreshing access token with scopes: ["email","https://www.googleapis.com/auth/cloud-platform","https://www.googleapis.com/auth/cloudplatformprojects.readonly","https://www.googleapis.com/auth/firebase","openid"]
[debug] [2021-02-22T22:54:12.377Z] >>> HTTP REQUEST POST https://www.googleapis.com/oauth2/v3/token
 <request body omitted>
[debug] [2021-02-22T22:54:12.471Z] <<< HTTP RESPONSE 200 {"date":"Mon, 22 Feb 2021 22:54:12 GMT","pragma":"no-cache","cache-control":"no-cache, no-store, max-age=0, must-revalidate","expires":"Mon, 01 Jan 1990 00:00:00 GMT","content-type":"application/json; charset=utf-8","vary":"X-Origin, Referer, Origin,Accept-Encoding","server":"scaffolding on HTTPServer2","x-xss-protection":"0","x-frame-options":"SAMEORIGIN","x-content-type-options":"nosniff","alt-svc":"h3-29=\":443\"; ma=2592000,h3-T051=\":443\"; ma=2592000,h3-Q050=\":443\"; ma=2592000,h3-Q046=\":443\"; ma=2592000,h3-Q043=\":443\"; ma=2592000,quic=\":443\"; ma=2592000; v=\"46,43\"","accept-ranges":"none","transfer-encoding":"chunked"}
[debug] [2021-02-22T22:54:12.474Z] >>> HTTP REQUEST GET https://serviceusage.googleapis.com/v1/projects/ez-market2021/services/firebasedatabase.googleapis.com

[debug] [2021-02-22T22:54:12.873Z] <<< HTTP RESPONSE 200 {"content-type":"application/json; charset=UTF-8","vary":"X-Origin, Referer, Origin,Accept-Encoding","date":"Mon, 22 Feb 2021 22:54:12 GMT","server":"ESF","cache-control":"private","x-xss-protection":"0","x-frame-options":"SAMEORIGIN","x-content-type-options":"nosniff","alt-svc":"h3-29=\":443\"; ma=2592000,h3-T051=\":443\"; ma=2592000,h3-Q050=\":443\"; ma=2592000,h3-Q046=\":443\"; ma=2592000,h3-Q043=\":443\"; ma=2592000,quic=\":443\"; ma=2592000; v=\"46,43\"","accept-ranges":"none","transfer-encoding":"chunked"}
[info] +  database: required API firebasedatabase.googleapis.com is enabled
[info]
[debug] [2021-02-22T22:54:12.874Z] >>> HTTP REQUEST GET https://firebasedatabase.googleapis.com/v1beta/projects/ez-market2021/locations/-/instances/ez-market2021-default-rtdb

[debug] [2021-02-22T22:54:13.667Z] <<< HTTP RESPONSE 200 {"content-type":"application/json; charset=UTF-8","vary":"X-Origin, Referer, Origin,Accept-Encoding","date":"Mon, 22 Feb 2021 22:54:13 GMT","server":"ESF","cache-control":"private","x-xss-protection":"0","x-frame-options":"SAMEORIGIN","x-content-type-options":"nosniff","alt-svc":"h3-29=\":443\"; ma=2592000,h3-T051=\":443\"; ma=2592000,h3-Q050=\":443\"; ma=2592000,h3-Q046=\":443\"; ma=2592000,h3-Q043=\":443\"; ma=2592000,quic=\":443\"; ma=2592000; v=\"46,43\"","accept-ranges":"none","transfer-encoding":"chunked"}
[info]
[info] Firebase Realtime Database Security Rules allow you to define how your data should be
[info] structured and when your data can be read from and written to.
[info]
[debug] [2021-02-22T22:54:25.103Z] >>> HTTP REQUEST GET https://ez-market2021-default-rtdb.firebaseio.com/.settings/rules.json

[debug] [2021-02-22T22:54:25.663Z] <<< HTTP RESPONSE 200 {"server":"nginx","date":"Mon, 22 Feb 2021 22:54:25 GMT","content-type":"application/json; charset=utf-8","content-length":"60","connection":"keep-alive","access-control-allow-origin":"*","cache-control":"no-cache","strict-transport-security":"max-age=31556926; includeSubDomains; preload"}
[info] +  Database Rules for ez-market2021-default-rtdb have been written to database.rules.json.
[info] Future modifications to database.rules.json will update Realtime Database Security Rules when you run
[info] firebase deploy.
[info]
=== Firestore Setup
[debug] [2021-02-22T22:54:25.667Z] >>> HTTP REQUEST GET https://serviceusage.googleapis.com/v1/projects/ez-market2021/services/firestore.googleapis.com

[debug] [2021-02-22T22:54:26.056Z] <<< HTTP RESPONSE 200 {"content-type":"application/json; charset=UTF-8","vary":"X-Origin, Referer, Origin,Accept-Encoding","date":"Mon, 22 Feb 2021 22:54:25 GMT","server":"ESF","cache-control":"private","x-xss-protection":"0","x-frame-options":"SAMEORIGIN","x-content-type-options":"nosniff","alt-svc":"h3-29=\":443\"; ma=2592000,h3-T051=\":443\"; ma=2592000,h3-Q050=\":443\"; ma=2592000,h3-Q046=\":443\"; ma=2592000,h3-Q043=\":443\"; ma=2592000,quic=\":443\"; ma=2592000; v=\"46,43\"","accept-ranges":"none","transfer-encoding":"chunked"}
[debug] [2021-02-22T22:54:26.057Z] >>> HTTP REQUEST GET https://appengine.googleapis.com/v1/apps/ez-market2021

[debug] [2021-02-22T22:54:26.352Z] <<< HTTP RESPONSE 200 {"content-type":"application/json; charset=UTF-8","vary":"X-Origin, Referer, Origin,Accept-Encoding","date":"Mon, 22 Feb 2021 22:54:25 GMT","server":"ESF","cache-control":"private","x-xss-protection":"0","x-frame-options":"SAMEORIGIN","x-content-type-options":"nosniff","alt-svc":"h3-29=\":443\"; ma=2592000,h3-T051=\":443\"; ma=2592000,h3-Q050=\":443\"; ma=2592000,h3-Q046=\":443\"; ma=2592000,h3-Q043=\":443\"; ma=2592000,quic=\":443\"; ma=2592000; v=\"46,43\"","accept-ranges":"none","transfer-encoding":"chunked"}
[debug] [2021-02-22T22:54:26.353Z] database_type: CLOUD_FIRESTORE
[debug] [2021-02-22T22:54:26.353Z] > command requires scopes: ["email","openid","https://www.googleapis.com/auth/cloudplatformprojects.readonly","https://www.googleapis.com/auth/firebase","https://www.googleapis.com/auth/cloud-platform"]
[debug] [2021-02-22T22:54:26.354Z] > authorizing via signed-in user
[debug] [2021-02-22T22:54:26.354Z] [iam] checking project ez-market2021 for permissions ["firebase.projects.get"]
[debug] [2021-02-22T22:54:26.354Z] >>> HTTP REQUEST POST https://cloudresourcemanager.googleapis.com/v1/projects/ez-market2021:testIamPermissions
 {"permissions":["firebase.projects.get"]}
[debug] [2021-02-22T22:54:26.524Z] <<< HTTP RESPONSE 200 {"content-type":"application/json; charset=UTF-8","vary":"X-Origin, Referer, Origin,Accept-Encoding","date":"Mon, 22 Feb 2021 22:54:26 GMT","server":"ESF","cache-control":"private","x-xss-protection":"0","x-frame-options":"SAMEORIGIN","x-content-type-options":"nosniff","server-timing":"gfet4t7; dur=86","alt-svc":"h3-29=\":443\"; ma=2592000,h3-T051=\":443\"; ma=2592000,h3-Q050=\":443\"; ma=2592000,h3-Q046=\":443\"; ma=2592000,h3-Q043=\":443\"; ma=2592000,quic=\":443\"; ma=2592000; v=\"46,43\"","accept-ranges":"none","transfer-encoding":"chunked"}
[info]
[info] Firestore Security Rules allow you to define how and when to allow
[info] requests. You can keep these rules in your project directory
[info] and publish them with firebase deploy.
[info]
[debug] [2021-02-22T22:54:28.571Z] >>> HTTP REQUEST GET https://firebaserules.googleapis.com/v1/projects/ez-market2021/releases?pageSize=10&pageToken=

[debug] [2021-02-22T22:54:28.797Z] <<< HTTP RESPONSE 200 {"content-type":"application/json; charset=UTF-8","vary":"X-Origin, Referer, Origin,Accept-Encoding","date":"Mon, 22 Feb 2021 22:54:28 GMT","server":"ESF","cache-control":"private","x-xss-protection":"0","x-frame-options":"SAMEORIGIN","x-content-type-options":"nosniff","alt-svc":"h3-29=\":443\"; ma=2592000,h3-T051=\":443\"; ma=2592000,h3-Q050=\":443\"; ma=2592000,h3-Q046=\":443\"; ma=2592000,h3-Q043=\":443\"; ma=2592000,quic=\":443\"; ma=2592000; v=\"46,43\"","accept-ranges":"none","transfer-encoding":"chunked"}
[debug] [2021-02-22T22:54:28.798Z] Found ruleset: projects/ez-market2021/rulesets/8b95c553-1265-46cb-b1b1-947a2a8584dc
[debug] [2021-02-22T22:54:28.798Z] >>> HTTP REQUEST GET https://firebaserules.googleapis.com/v1/projects/ez-market2021/rulesets/8b95c553-1265-46cb-b1b1-947a2a8584dc

[debug] [2021-02-22T22:54:28.986Z] <<< HTTP RESPONSE 200 {"content-type":"application/json; charset=UTF-8","vary":"X-Origin, Referer, Origin,Accept-Encoding","date":"Mon, 22 Feb 2021 22:54:28 GMT","server":"ESF","cache-control":"private","x-xss-protection":"0","x-frame-options":"SAMEORIGIN","x-content-type-options":"nosniff","alt-svc":"h3-29=\":443\"; ma=2592000,h3-T051=\":443\"; ma=2592000,h3-Q050=\":443\"; ma=2592000,h3-Q046=\":443\"; ma=2592000,h3-Q043=\":443\"; ma=2592000,quic=\":443\"; ma=2592000; v=\"46,43\"","accept-ranges":"none","transfer-encoding":"chunked"}
[info]
[info] Firestore indexes allow you to perform complex queries while
[info] maintaining performance that scales with the size of the result
[info] set. You can keep index definitions in your project directory
[info] and publish them with firebase deploy.
[info]
[debug] [2021-02-22T22:54:30.691Z] >>> HTTP REQUEST GET https://firestore.googleapis.com/v1/projects/ez-market2021/databases/(default)/collectionGroups/-/indexes

[debug] [2021-02-22T22:54:30.691Z] >>> HTTP REQUEST GET https://firestore.googleapis.com/v1/projects/ez-market2021/databases/(default)/collectionGroups/-/fields?filter=indexConfig.usesAncestorConfig=false

[debug] [2021-02-22T22:54:31.312Z] <<< HTTP RESPONSE 200 {"content-type":"application/json; charset=UTF-8","vary":"X-Origin, Referer, Origin,Accept-Encoding","date":"Mon, 22 Feb 2021 22:54:30 GMT","server":"ESF","cache-control":"private","x-xss-protection":"0","x-frame-options":"SAMEORIGIN","x-content-type-options":"nosniff","alt-svc":"h3-29=\":443\"; ma=2592000,h3-T051=\":443\"; ma=2592000,h3-Q050=\":443\"; ma=2592000,h3-Q046=\":443\"; ma=2592000,h3-Q043=\":443\"; ma=2592000,quic=\":443\"; ma=2592000; v=\"46,43\"","accept-ranges":"none","transfer-encoding":"chunked"}
[debug] [2021-02-22T22:54:31.392Z] <<< HTTP RESPONSE 200 {"content-type":"application/json; charset=UTF-8","vary":"X-Origin, Referer, Origin,Accept-Encoding","date":"Mon, 22 Feb 2021 22:54:30 GMT","server":"ESF","cache-control":"private","x-xss-protection":"0","x-frame-options":"SAMEORIGIN","x-content-type-options":"nosniff","alt-svc":"h3-29=\":443\"; ma=2592000,h3-T051=\":443\"; ma=2592000,h3-Q050=\":443\"; ma=2592000,h3-Q046=\":443\"; ma=2592000,h3-Q043=\":443\"; ma=2592000,quic=\":443\"; ma=2592000; v=\"46,43\"","accept-ranges":"none","transfer-encoding":"chunked"}
[info]
=== Functions Setup
[info]
[info] A functions directory will be created in your project with a Node.js
[info] package pre-configured. Functions can be deployed with firebase deploy.
[info]
[debug] [2021-02-22T22:54:31.401Z] > command requires scopes: ["email","openid","https://www.googleapis.com/auth/cloudplatformprojects.readonly","https://www.googleapis.com/auth/firebase","https://www.googleapis.com/auth/cloud-platform"]
[debug] [2021-02-22T22:54:31.401Z] > authorizing via signed-in user
[debug] [2021-02-22T22:54:31.401Z] [iam] checking project ez-market2021 for permissions ["firebase.projects.get"]
[debug] [2021-02-22T22:54:31.402Z] >>> HTTP REQUEST POST https://cloudresourcemanager.googleapis.com/v1/projects/ez-market2021:testIamPermissions
 {"permissions":["firebase.projects.get"]}
[debug] [2021-02-22T22:54:31.541Z] <<< HTTP RESPONSE 200 {"content-type":"application/json; charset=UTF-8","vary":"X-Origin, Referer, Origin,Accept-Encoding","date":"Mon, 22 Feb 2021 22:54:31 GMT","server":"ESF","cache-control":"private","x-xss-protection":"0","x-frame-options":"SAMEORIGIN","x-content-type-options":"nosniff","server-timing":"gfet4t7; dur=83","alt-svc":"h3-29=\":443\"; ma=2592000,h3-T051=\":443\"; ma=2592000,h3-Q050=\":443\"; ma=2592000,h3-Q046=\":443\"; ma=2592000,h3-Q043=\":443\"; ma=2592000,quic=\":443\"; ma=2592000; v=\"46,43\"","accept-ranges":"none","transfer-encoding":"chunked"}
[debug] [2021-02-22T22:54:31.542Z] >>> HTTP REQUEST POST https://serviceusage.googleapis.com/v1/projects/ez-market2021/services/cloudfunctions.googleapis.com:enable

[debug] [2021-02-22T22:54:31.542Z] >>> HTTP REQUEST POST https://serviceusage.googleapis.com/v1/projects/ez-market2021/services/runtimeconfig.googleapis.com:enable

[debug] [2021-02-22T22:54:31.829Z] <<< HTTP RESPONSE 200 {"content-type":"application/json; charset=UTF-8","vary":"X-Origin, Referer, Origin,Accept-Encoding","date":"Mon, 22 Feb 2021 22:54:31 GMT","server":"ESF","cache-control":"private","x-xss-protection":"0","x-frame-options":"SAMEORIGIN","x-content-type-options":"nosniff","alt-svc":"h3-29=\":443\"; ma=2592000,h3-T051=\":443\"; ma=2592000,h3-Q050=\":443\"; ma=2592000,h3-Q046=\":443\"; ma=2592000,h3-Q043=\":443\"; ma=2592000,quic=\":443\"; ma=2592000; v=\"46,43\"","accept-ranges":"none","transfer-encoding":"chunked"}
[debug] [2021-02-22T22:54:32.383Z] <<< HTTP RESPONSE 200 {"content-type":"application/json; charset=UTF-8","vary":"X-Origin, Referer, Origin,Accept-Encoding","date":"Mon, 22 Feb 2021 22:54:31 GMT","server":"ESF","cache-control":"private","x-xss-protection":"0","x-frame-options":"SAMEORIGIN","x-content-type-options":"nosniff","alt-svc":"h3-29=\":443\"; ma=2592000,h3-T051=\":443\"; ma=2592000,h3-Q050=\":443\"; ma=2592000,h3-Q046=\":443\"; ma=2592000,h3-Q043=\":443\"; ma=2592000,quic=\":443\"; ma=2592000; v=\"46,43\"","accept-ranges":"none","transfer-encoding":"chunked"}
[info] +  Wrote functions/package.json
[info] +  Wrote functions/.eslintrc.js
[info] +  Wrote functions/index.js
[info] +  Wrote functions/.gitignore
[info]
=== Hosting Setup
[info]
[info] Your public directory is the folder (relative to your project directory) that
[info] will contain Hosting assets to be uploaded with firebase deploy. If you
[info] have a build process for your assets, use your build's output directory.
[info]
[info] +  Wrote public/404.html
[debug] [2021-02-22T22:55:40.027Z] >>> [apiv2][query] GET https://www.gstatic.com/firebasejs/releases.json [none]
[debug] [2021-02-22T22:55:40.134Z] <<< [apiv2][status] GET https://www.gstatic.com/firebasejs/releases.json 200
[debug] [2021-02-22T22:55:40.134Z] <<< [apiv2][body] GET https://www.gstatic.com/firebasejs/releases.json {"current":{"version":"8.2.9","browserURL":"https://www.gstatic.com/firebasejs/8.2.9/firebase.js","packageURL":"https://www.gstatic.com/firebasejs/8.2.9/firebase.tgz"},"live":{"version":"8.2","browserURL":"https://www.gstatic.com/firebasejs/live/8.2/firebase.js","packageURL":"https://www.gstatic.com/firebasejs/live/8.2/firebase.tgz"},"components":{"analytics":"https://www.gstatic.com/firebasejs/8.2.9/firebase-analytics.js","app":"https://www.gstatic.com/firebasejs/8.2.9/firebase-app.js","auth":"https://www.gstatic.com/firebasejs/8.2.9/firebase-auth.js","database":"https://www.gstatic.com/firebasejs/8.2.9/firebase-database.js","firestore":"https://www.gstatic.com/firebasejs/8.2.9/firebase-firestore.js","functions":"https://www.gstatic.com/firebasejs/8.2.9/firebase-functions.js","installations":"https://www.gstatic.com/firebasejs/8.2.9/firebase-installations.js","messaging":"https://www.gstatic.com/firebasejs/8.2.9/firebase-messaging.js","storage":"https://www.gstatic.com/firebasejs/8.2.9/firebase-storage.js","performance":"https://www.gstatic.com/firebasejs/8.2.9/firebase-performance.js","remote-config":"https://www.gstatic.com/firebasejs/8.2.9/firebase-remote-config.js","firestore.memory":"https://www.gstatic.com/firebasejs/8.2.9/firebase-firestore.memory.js"}}
[info] +  Wrote public/index.html
[info]
[info] i  Detected a .git folder at C:\Users\David Mercado\ez-market
[info] i  Authorizing with GitHub to upload your service account to a GitHub repository's secrets store.
[info]
[info] Visit this URL on this device to log in:
[info] https://github.com/login/oauth/authorize?client_id=89cf50f02ac6aaed3484&state=294257623&redirect_uri=http%3A%2F%2Flocalhost%3A9005&scope=read%3Auser%20repo%20public_repo
[info]
[info] Waiting for authentication...
[debug] [2021-02-22T22:55:51.098Z] >>> HTTP REQUEST POST https://github.com/login/oauth/access_token
 {"client_id":"89cf50f02ac6aaed3484","client_secret":"3330d14abc895d9a74d5f17cd7a00711fa2c5bf0","code":"2e369a352686d02cab05","redirect_uri":"http://localhost:9005","state":"294257623"}
[debug] [2021-02-22T22:55:51.297Z] <<< HTTP RESPONSE 200 {"server":"GitHub.com","date":"Mon, 22 Feb 2021 22:55:50 GMT","content-type":"application/json; charset=utf-8","transfer-encoding":"chunked","vary":"X-PJAX, Accept-Encoding, Accept, X-Requested-With","etag":"W/\"3c67c2421e4fa844936108fb0efe25fe\"","cache-control":"max-age=0, private, must-revalidate","strict-transport-security":"max-age=31536000; includeSubdomains; preload","x-frame-options":"deny","x-content-type-options":"nosniff","x-xss-protection":"1; mode=block","referrer-policy":"origin-when-cross-origin, strict-origin-when-cross-origin","expect-ct":"max-age=2592000, report-uri=\"https://api.github.com/_private/browser/errors\"","content-security-policy":"default-src 'none'; base-uri 'self'; block-all-mixed-content; connect-src 'self' uploads.github.com www.githubstatus.com collector.githubapp.com api.github.com github-cloud.s3.amazonaws.com github-production-repository-file-5c1aeb.s3.amazonaws.com github-production-upload-manifest-file-7fdce7.s3.amazonaws.com github-production-user-asset-6210df.s3.amazonaws.com cdn.optimizely.com logx.optimizely.com/v1/events wss://alive.github.com; font-src github.githubassets.com; form-action 'self' github.com gist.github.com; frame-ancestors 'none'; frame-src render.githubusercontent.com; img-src 'self' data: github.githubassets.com identicons.github.com collector.githubapp.com github-cloud.s3.amazonaws.com user-images.githubusercontent.com/ *.githubusercontent.com; manifest-src 'self'; media-src 'none'; script-src github.githubassets.com; style-src 'unsafe-inline' github.githubassets.com; worker-src github.com/socket-worker-5029ae85.js gist.github.com/socket-worker-5029ae85.js","x-github-request-id":"579F:2B53:D43F38:10AB6D1:60343676"}
[debug] [2021-02-22T22:55:51.299Z] >>> [apiv2][query] GET https://api.github.com/user [none]
[debug] [2021-02-22T22:55:51.493Z] <<< [apiv2][status] GET https://api.github.com/user 200
[debug] [2021-02-22T22:55:51.493Z] <<< [apiv2][body] GET https://api.github.com/user {"login":"Daromercas","id":47701663,"node_id":"MDQ6VXNlcjQ3NzAxNjYz","avatar_url":"https://avatars.githubusercontent.com/u/47701663?v=4","gravatar_id":"","url":"https://api.github.com/users/Daromercas","html_url":"https://github.com/Daromercas","followers_url":"https://api.github.com/users/Daromercas/followers","following_url":"https://api.github.com/users/Daromercas/following{/other_user}","gists_url":"https://api.github.com/users/Daromercas/gists{/gist_id}","starred_url":"https://api.github.com/users/Daromercas/starred{/owner}{/repo}","subscriptions_url":"https://api.github.com/users/Daromercas/subscriptions","organizations_url":"https://api.github.com/users/Daromercas/orgs","repos_url":"https://api.github.com/users/Daromercas/repos","events_url":"https://api.github.com/users/Daromercas/events{/privacy}","received_events_url":"https://api.github.com/users/Daromercas/received_events","type":"User","site_admin":false,"name":"David Mercado","company":null,"blog":"","location":null,"email":"afad_212@hotmail.com","hireable":null,"bio":"Bilingual college student","twitter_username":null,"public_repos":5,"public_gists":0,"followers":1,"following":0,"created_at":"2019-02-16T21:26:05Z","updated_at":"2021-02-22T22:55:50Z","private_gists":0,"total_private_repos":2,"owned_private_repos":2,"disk_usage":1650,"collaborators":0,"two_factor_authentication":false,"plan":{"name":"free","space":976562499,"collaborators":0,"private_repos":10000}}
[info]
[info] +  Success! Logged into GitHub as Daromercas
[info]
[debug] [2021-02-22T22:56:02.780Z] >>> [apiv2][query] GET https://api.github.com/repos//actions/secrets/public-key type=owner
[debug] [2021-02-22T22:56:02.932Z] <<< [apiv2][status] GET https://api.github.com/repos//actions/secrets/public-key 404
[debug] [2021-02-22T22:56:02.933Z] <<< [apiv2][body] GET https://api.github.com/repos//actions/secrets/public-key {"message":"Not Found","documentation_url":"https://docs.github.com/rest"}
[debug] [2021-02-22T22:56:03.005Z] >>> [apiv2][query] GET https://api.github.com/repos//actions/secrets/public-key type=owner
[debug] [2021-02-22T22:56:03.135Z] <<< [apiv2][status] GET https://api.github.com/repos//actions/secrets/public-key 404
[debug] [2021-02-22T22:56:03.135Z] <<< [apiv2][body] GET https://api.github.com/repos//actions/secrets/public-key {"message":"Not Found","documentation_url":"https://docs.github.com/rest"}
